<?xml version="1.0" encoding="UTF-8"?>
<!-- Generated by org.testng.reporters.JUnitXMLReporter -->
<testsuite ignored="2" hostname="OZL4909W" failures="0" tests="4" name="Default test" time="13.728" errors="0" timestamp="2022-01-17T20:22:29 IST">
  <testcase classname="com.qa.crmpro.tests.LoginPageTest" name="loginTest" time="3.101"/>
  <testcase classname="com.qa.crmpro.tests.LoginPageTest" name="loginTest" time="0.414"/>
  <testcase classname="com.qa.crmpro.tests.LoginPageTest" name="loginTest" time="0.366"/>
  <testcase classname="com.qa.crmpro.tests.LoginPageTest" name="loginTest" time="0.374"/>
  <testcase classname="com.qa.crmpro.tests.LoginPageTest" name="verifySignUpLinkTest" time="0.0">
    <ignored/>
  </testcase> <!-- verifySignUpLinkTest -->
  <testcase classname="com.qa.crmpro.tests.LoginPageTest" name="verifyLoginPageTitleTest" time="0.0">
    <ignored/>
  </testcase> <!-- verifyLoginPageTitleTest -->
</testsuite> <!-- Default test -->
