<?xml version="1.0" encoding="UTF-8"?>
<!-- Generated by org.testng.reporters.JUnitXMLReporter -->
<testsuite ignored="0" hostname="OZL4909W" failures="0" tests="3" name="Default test" time="15.596" errors="0" timestamp="2022-01-11T10:32:35 IST">
  <testcase classname="com.qa.crmpro.tests.HomePageTest" name="verifyHomePageHeader" time="1.592"/>
  <testcase classname="com.qa.crmpro.tests.HomePageTest" name="verifyHomePageTitle" time="0.005"/>
  <testcase classname="com.qa.crmpro.tests.HomePageTest" name="verifyLoggedInUser" time="0.074"/>
</testsuite> <!-- Default test -->
