<?xml version="1.0" encoding="UTF-8"?>
<!-- Generated by org.testng.reporters.JUnitXMLReporter -->
<testsuite ignored="0" hostname="OZL4909W" failures="0" tests="6" name="CRMPRO Test cases" time="24.898" errors="0" timestamp="2022-01-11T10:34:17 IST">
  <testcase classname="com.qa.crmpro.tests.LoginPageTest" name="loginTest" time="2.711"/>
  <testcase classname="com.qa.crmpro.tests.LoginPageTest" name="verifyLoginPageTitleTest" time="0.015"/>
  <testcase classname="com.qa.crmpro.tests.LoginPageTest" name="verifySignUpLinkTest" time="0.096"/>
  <testcase classname="com.qa.crmpro.tests.HomePageTest" name="verifyHomePageHeader" time="0.085"/>
  <testcase classname="com.qa.crmpro.tests.HomePageTest" name="verifyHomePageTitle" time="0.009"/>
  <testcase classname="com.qa.crmpro.tests.HomePageTest" name="verifyLoggedInUser" time="0.067"/>
</testsuite> <!-- CRMPRO Test cases -->
