<?xml version="1.0" encoding="UTF-8"?>
<!-- Generated by org.testng.reporters.JUnitXMLReporter -->
<testsuite ignored="0" hostname="OZL4909W" failures="0" tests="3" name="CRMPRO Home Page Tests" time="18.839" errors="0" timestamp="2022-01-11T10:37:08 IST">
  <testcase classname="com.qa.crmpro.tests.HomePageTest" name="verifyHomePageHeader" time="2.494"/>
  <testcase classname="com.qa.crmpro.tests.HomePageTest" name="verifyHomePageTitle" time="0.008"/>
  <testcase classname="com.qa.crmpro.tests.HomePageTest" name="verifyLoggedInUser" time="0.046"/>
</testsuite> <!-- CRMPRO Home Page Tests -->
