<?xml version="1.0" encoding="UTF-8"?>
<!-- Generated by org.testng.reporters.JUnitXMLReporter -->
<testsuite ignored="0" hostname="OZL4909W" failures="0" tests="3" name="CRMPRO Login Page Tests" time="16.01" errors="0" timestamp="2022-01-11T10:37:05 IST">
  <testcase classname="com.qa.crmpro.tests.LoginPageTest" name="loginTest" time="4.884"/>
  <testcase classname="com.qa.crmpro.tests.LoginPageTest" name="verifyLoginPageTitleTest" time="0.016"/>
  <testcase classname="com.qa.crmpro.tests.LoginPageTest" name="verifySignUpLinkTest" time="0.204"/>
</testsuite> <!-- CRMPRO Login Page Tests -->
