<?xml version="1.0" encoding="UTF-8"?>
<!-- Generated by org.testng.reporters.JUnitXMLReporter -->
<testsuite ignored="0" hostname="OZL4909W" failures="4" tests="6" name="CRMPRO Login Page Tests" time="48.016" errors="0" timestamp="2022-01-24T13:28:18 IST">
  <testcase classname="com.qa.crmpro.tests.LoginPageTest" name="loginTest" time="10.044">
    <failure type="java.lang.NullPointerException" message="Cannot invoke &amp;quot;org.openqa.selenium.WebElement.clear()&amp;quot; because the return value of &amp;quot;com.qa.crmpro.utils.ElementUtils.getElement(org.openqa.selenium.By)&amp;quot; is null">
      <![CDATA[java.lang.NullPointerException: Cannot invoke "org.openqa.selenium.WebElement.clear()" because the return value of "com.qa.crmpro.utils.ElementUtils.getElement(org.openqa.selenium.By)" is null
at com.qa.crmpro.utils.ElementUtils.doSendKeys(ElementUtils.java:44)
at com.qa.crmpro.pages.LoginPage.doLogin(LoginPage.java:41)
at com.qa.crmpro.tests.LoginPageTest.loginTest(LoginPageTest.java:35)
at java.base/java.util.ArrayList.forEach(ArrayList.java:1511)
at java.base/java.util.concurrent.FutureTask.run(FutureTask.java:264)
at java.base/java.util.concurrent.ThreadPoolExecutor.runWorker(ThreadPoolExecutor.java:1130)
at java.base/java.util.concurrent.ThreadPoolExecutor$Worker.run(ThreadPoolExecutor.java:630)
at java.base/java.lang.Thread.run(Thread.java:831)
... Removed 18 stack frames]]>
    </failure>
  </testcase> <!-- loginTest -->
  <testcase classname="com.qa.crmpro.tests.LoginPageTest" name="loginTest" time="10.014">
    <failure type="java.lang.NullPointerException" message="Cannot invoke &amp;quot;org.openqa.selenium.WebElement.clear()&amp;quot; because the return value of &amp;quot;com.qa.crmpro.utils.ElementUtils.getElement(org.openqa.selenium.By)&amp;quot; is null">
      <![CDATA[java.lang.NullPointerException: Cannot invoke "org.openqa.selenium.WebElement.clear()" because the return value of "com.qa.crmpro.utils.ElementUtils.getElement(org.openqa.selenium.By)" is null
at com.qa.crmpro.utils.ElementUtils.doSendKeys(ElementUtils.java:44)
at com.qa.crmpro.pages.LoginPage.doLogin(LoginPage.java:41)
at com.qa.crmpro.tests.LoginPageTest.loginTest(LoginPageTest.java:35)
at java.base/java.util.ArrayList.forEach(ArrayList.java:1511)
at java.base/java.util.concurrent.FutureTask.run(FutureTask.java:264)
at java.base/java.util.concurrent.ThreadPoolExecutor.runWorker(ThreadPoolExecutor.java:1130)
at java.base/java.util.concurrent.ThreadPoolExecutor$Worker.run(ThreadPoolExecutor.java:630)
at java.base/java.lang.Thread.run(Thread.java:831)
... Removed 18 stack frames]]>
    </failure>
  </testcase> <!-- loginTest -->
  <testcase classname="com.qa.crmpro.tests.LoginPageTest" name="loginTest" time="10.008">
    <failure type="java.lang.NullPointerException" message="Cannot invoke &amp;quot;org.openqa.selenium.WebElement.clear()&amp;quot; because the return value of &amp;quot;com.qa.crmpro.utils.ElementUtils.getElement(org.openqa.selenium.By)&amp;quot; is null">
      <![CDATA[java.lang.NullPointerException: Cannot invoke "org.openqa.selenium.WebElement.clear()" because the return value of "com.qa.crmpro.utils.ElementUtils.getElement(org.openqa.selenium.By)" is null
at com.qa.crmpro.utils.ElementUtils.doSendKeys(ElementUtils.java:44)
at com.qa.crmpro.pages.LoginPage.doLogin(LoginPage.java:41)
at com.qa.crmpro.tests.LoginPageTest.loginTest(LoginPageTest.java:35)
at java.base/java.util.ArrayList.forEach(ArrayList.java:1511)
at java.base/java.util.concurrent.FutureTask.run(FutureTask.java:264)
at java.base/java.util.concurrent.ThreadPoolExecutor.runWorker(ThreadPoolExecutor.java:1130)
at java.base/java.util.concurrent.ThreadPoolExecutor$Worker.run(ThreadPoolExecutor.java:630)
at java.base/java.lang.Thread.run(Thread.java:831)
... Removed 18 stack frames]]>
    </failure>
  </testcase> <!-- loginTest -->
  <testcase classname="com.qa.crmpro.tests.LoginPageTest" name="loginTest" time="10.01">
    <failure type="java.lang.NullPointerException" message="Cannot invoke &amp;quot;org.openqa.selenium.WebElement.clear()&amp;quot; because the return value of &amp;quot;com.qa.crmpro.utils.ElementUtils.getElement(org.openqa.selenium.By)&amp;quot; is null">
      <![CDATA[java.lang.NullPointerException: Cannot invoke "org.openqa.selenium.WebElement.clear()" because the return value of "com.qa.crmpro.utils.ElementUtils.getElement(org.openqa.selenium.By)" is null
at com.qa.crmpro.utils.ElementUtils.doSendKeys(ElementUtils.java:44)
at com.qa.crmpro.pages.LoginPage.doLogin(LoginPage.java:41)
at com.qa.crmpro.tests.LoginPageTest.loginTest(LoginPageTest.java:35)
at java.base/java.util.ArrayList.forEach(ArrayList.java:1511)
at java.base/java.util.concurrent.FutureTask.run(FutureTask.java:264)
at java.base/java.util.concurrent.ThreadPoolExecutor.runWorker(ThreadPoolExecutor.java:1130)
at java.base/java.util.concurrent.ThreadPoolExecutor$Worker.run(ThreadPoolExecutor.java:630)
at java.base/java.lang.Thread.run(Thread.java:831)
... Removed 18 stack frames]]>
    </failure>
  </testcase> <!-- loginTest -->
  <testcase classname="com.qa.crmpro.tests.LoginPageTest" name="verifyLoginPageTitleTest" time="0.01"/>
  <testcase classname="com.qa.crmpro.tests.LoginPageTest" name="verifySignUpLinkTest" time="0.046"/>
</testsuite> <!-- CRMPRO Login Page Tests -->
