<?xml version="1.0" encoding="UTF-8"?>
<!-- Generated by org.testng.reporters.JUnitXMLReporter -->
<testsuite ignored="0" hostname="OZL4909W" failures="0" tests="3" name="CRMPRO Home Page Tests" time="29.186" errors="0" timestamp="2022-01-17T19:59:11 IST">
  <testcase classname="com.qa.crmpro.tests.HomePageTest" name="verifyHomePageHeader" time="5.084"/>
  <testcase classname="com.qa.crmpro.tests.HomePageTest" name="verifyHomePageTitle" time="0.005"/>
  <testcase classname="com.qa.crmpro.tests.HomePageTest" name="verifyLoggedInUser" time="2.609"/>
</testsuite> <!-- CRMPRO Home Page Tests -->
