<?xml version="1.0" encoding="UTF-8"?>
<testng-results ignored="0" total="6" passed="6" failed="0" skipped="0">
  <reporter-output>
  </reporter-output>
  <suite started-at="2022-01-11T10:36:49 IST" name="My crmpro Automation Suite" finished-at="2022-01-11T10:37:08 IST" duration-ms="18839">
    <groups>
    </groups>
    <test started-at="2022-01-11T10:36:49 IST" name="CRMPRO Login Page Tests" finished-at="2022-01-11T10:37:05 IST" duration-ms="16010">
      <class name="com.qa.crmpro.tests.LoginPageTest">
        <test-method is-config="true" signature="setUp()[pri:0, instance:com.qa.crmpro.tests.LoginPageTest@29d89d5d]" started-at="2022-01-11T10:36:49 IST" name="setUp" finished-at="2022-01-11T10:36:59 IST" duration-ms="9459" status="PASS">
          <reporter-output>
          </reporter-output>
        </test-method> <!-- setUp -->
        <test-method signature="loginTest()[pri:0, instance:com.qa.crmpro.tests.LoginPageTest@29d89d5d]" started-at="2022-01-11T10:36:59 IST" name="loginTest" finished-at="2022-01-11T10:37:04 IST" duration-ms="4884" status="PASS">
          <reporter-output>
          </reporter-output>
        </test-method> <!-- loginTest -->
        <test-method signature="verifyLoginPageTitleTest()[pri:0, instance:com.qa.crmpro.tests.LoginPageTest@29d89d5d]" started-at="2022-01-11T10:37:04 IST" name="verifyLoginPageTitleTest" finished-at="2022-01-11T10:37:04 IST" duration-ms="16" status="PASS">
          <reporter-output>
          </reporter-output>
        </test-method> <!-- verifyLoginPageTitleTest -->
        <test-method signature="verifySignUpLinkTest()[pri:0, instance:com.qa.crmpro.tests.LoginPageTest@29d89d5d]" started-at="2022-01-11T10:37:04 IST" name="verifySignUpLinkTest" finished-at="2022-01-11T10:37:04 IST" duration-ms="204" status="PASS">
          <reporter-output>
          </reporter-output>
        </test-method> <!-- verifySignUpLinkTest -->
        <test-method is-config="true" signature="tearDown()[pri:0, instance:com.qa.crmpro.tests.LoginPageTest@29d89d5d]" started-at="2022-01-11T10:37:04 IST" name="tearDown" finished-at="2022-01-11T10:37:05 IST" duration-ms="1360" status="PASS">
          <reporter-output>
          </reporter-output>
        </test-method> <!-- tearDown -->
      </class> <!-- com.qa.crmpro.tests.LoginPageTest -->
    </test> <!-- CRMPRO Login Page Tests -->
    <test started-at="2022-01-11T10:36:49 IST" name="CRMPRO Home Page Tests" finished-at="2022-01-11T10:37:08 IST" duration-ms="18839">
      <class name="com.qa.crmpro.tests.HomePageTest">
        <test-method is-config="true" signature="setUp()[pri:0, instance:com.qa.crmpro.tests.HomePageTest@47987356]" started-at="2022-01-11T10:36:49 IST" name="setUp" finished-at="2022-01-11T10:37:04 IST" duration-ms="14735" status="PASS">
          <reporter-output>
          </reporter-output>
        </test-method> <!-- setUp -->
        <test-method signature="verifyHomePageHeader()[pri:0, instance:com.qa.crmpro.tests.HomePageTest@47987356]" started-at="2022-01-11T10:37:04 IST" name="verifyHomePageHeader" finished-at="2022-01-11T10:37:07 IST" duration-ms="2494" status="PASS">
          <reporter-output>
          </reporter-output>
        </test-method> <!-- verifyHomePageHeader -->
        <test-method signature="verifyHomePageTitle()[pri:0, instance:com.qa.crmpro.tests.HomePageTest@47987356]" started-at="2022-01-11T10:37:07 IST" name="verifyHomePageTitle" finished-at="2022-01-11T10:37:07 IST" duration-ms="8" status="PASS">
          <reporter-output>
          </reporter-output>
        </test-method> <!-- verifyHomePageTitle -->
        <test-method signature="verifyLoggedInUser()[pri:0, instance:com.qa.crmpro.tests.HomePageTest@47987356]" started-at="2022-01-11T10:37:07 IST" name="verifyLoggedInUser" finished-at="2022-01-11T10:37:07 IST" duration-ms="46" status="PASS">
          <reporter-output>
          </reporter-output>
        </test-method> <!-- verifyLoggedInUser -->
        <test-method is-config="true" signature="tearDown()[pri:0, instance:com.qa.crmpro.tests.HomePageTest@47987356]" started-at="2022-01-11T10:37:07 IST" name="tearDown" finished-at="2022-01-11T10:37:08 IST" duration-ms="1546" status="PASS">
          <reporter-output>
          </reporter-output>
        </test-method> <!-- tearDown -->
      </class> <!-- com.qa.crmpro.tests.HomePageTest -->
    </test> <!-- CRMPRO Home Page Tests -->
  </suite> <!-- My crmpro Automation Suite -->
</testng-results>
